<?xml version="1.0" encoding="UTF-8"?>
<!-- Generated by org.testng.reporters.JUnitReportReporter -->
<testsuite skipped="0" hostname="LT-B40DCK3" name="Tests.WindowTest" tests="1" failures="0" timestamp="2023-03-02T16:16:55 EET" time="11.227" errors="0">
  <testcase name="MetodaTest" time="11.227" classname="Tests.WindowTest"/>
  <system-out/>
</testsuite> <!-- Tests.WindowTest -->
