<?xml version="1.0" encoding="UTF-8"?>
<!-- Generated by org.testng.reporters.JUnitReportReporter -->
<testsuite skipped="0" hostname="LT-B40DCK3" name="Tests.AlertTest" tests="1" failures="0" timestamp="2023-03-02T19:07:35 EET" time="13.424" errors="0">
  <testcase name="metodaTest" time="13.424" classname="Tests.AlertTest"/>
  <system-out/>
</testsuite> <!-- Tests.AlertTest -->
